{"level":"info","message":"Server started on port 5000","timestamp":"2025-03-15T15:09:02.876Z"}
{"level":"info","message":"MongoDB connected successfully","timestamp":"2025-03-15T15:09:02.893Z"}
{"level":"info","message":"Customer dashboard loaded for deaver","timestamp":"2025-03-15T15:09:14.536Z"}
{"level":"info","message":"Customer dashboard loaded for deaver","timestamp":"2025-03-15T15:09:49.186Z"}
{"level":"info","message":"Customer dashboard loaded for deaver","timestamp":"2025-03-15T15:09:49.346Z"}
{"level":"info","message":"Customer dashboard loaded for deaver","timestamp":"2025-03-15T15:09:49.515Z"}
{"level":"info","message":"Customer dashboard loaded for deaver","timestamp":"2025-03-15T15:09:49.666Z"}
{"level":"info","message":"Server started on port 5000","timestamp":"2025-03-15T15:09:58.720Z"}
{"level":"info","message":"MongoDB connected successfully","timestamp":"2025-03-15T15:09:58.744Z"}
{"level":"info","message":"Customer dashboard loaded for deaver","timestamp":"2025-03-15T15:09:59.852Z"}
{"level":"info","message":"Customer dashboard loaded for deaver","timestamp":"2025-03-15T15:10:00.004Z"}
{"level":"info","message":"Customer dashboard loaded for deaver","timestamp":"2025-03-15T15:10:00.155Z"}
{"level":"info","message":"Customer dashboard loaded for deaver","timestamp":"2025-03-15T15:10:00.283Z"}
{"level":"info","message":"Customer dashboard loaded for deaver","timestamp":"2025-03-15T15:10:00.426Z"}
{"level":"info","message":"Customer dashboard loaded for deaver","timestamp":"2025-03-15T15:10:00.563Z"}
{"level":"info","message":"Customer dashboard loaded for deaver","timestamp":"2025-03-15T15:10:00.706Z"}
{"level":"info","message":"Customer dashboard loaded for deaver","timestamp":"2025-03-15T15:10:00.851Z"}
{"level":"info","message":"Customer dashboard loaded for deaver","timestamp":"2025-03-15T15:10:00.996Z"}
{"level":"info","message":"Customer dashboard loaded for deaver","timestamp":"2025-03-15T15:10:01.146Z"}
{"level":"info","message":"Customer dashboard loaded for deaver","timestamp":"2025-03-15T15:10:01.298Z"}
{"level":"info","message":"Customer dashboard loaded for deaver","timestamp":"2025-03-15T15:10:01.443Z"}
{"level":"info","message":"Customer dashboard loaded for deaver","timestamp":"2025-03-15T15:10:01.579Z"}
{"level":"info","message":"Customer dashboard loaded for deaver","timestamp":"2025-03-15T15:10:01.731Z"}
{"level":"info","message":"Customer dashboard loaded for deaver","timestamp":"2025-03-15T15:10:01.890Z"}
{"level":"info","message":"Customer dashboard loaded for deaver","timestamp":"2025-03-15T15:10:02.042Z"}
{"level":"info","message":"Customer dashboard loaded for deaver","timestamp":"2025-03-15T15:10:02.178Z"}
{"level":"info","message":"Customer dashboard loaded for deaver","timestamp":"2025-03-15T15:10:03.322Z"}
{"level":"info","message":"Customer dashboard loaded for deaver","timestamp":"2025-03-15T15:10:04.186Z"}
{"level":"info","message":"Customer dashboard loaded for deaver","timestamp":"2025-03-15T15:10:04.354Z"}
{"level":"info","message":"Customer dashboard loaded for deaver","timestamp":"2025-03-15T15:10:04.514Z"}
{"level":"info","message":"Customer dashboard loaded for deaver","timestamp":"2025-03-15T15:10:04.682Z"}
{"level":"info","message":"Customer dashboard loaded for deaver","timestamp":"2025-03-15T15:10:04.834Z"}
{"level":"info","message":"Customer dashboard loaded for deaver","timestamp":"2025-03-15T15:10:04.970Z"}
{"level":"info","message":"Customer dashboard loaded for deaver","timestamp":"2025-03-15T15:10:05.122Z"}
{"level":"info","message":"Customer dashboard loaded for deaver","timestamp":"2025-03-15T15:10:05.275Z"}
{"level":"info","message":"Customer dashboard loaded for deaver","timestamp":"2025-03-15T15:10:05.411Z"}
{"level":"info","message":"Customer dashboard loaded for deaver","timestamp":"2025-03-15T15:10:05.562Z"}
{"level":"info","message":"Customer dashboard loaded for deaver","timestamp":"2025-03-15T15:10:05.706Z"}
{"level":"info","message":"Customer dashboard loaded for deaver","timestamp":"2025-03-15T15:10:05.858Z"}
{"level":"info","message":"Customer dashboard loaded for deaver","timestamp":"2025-03-15T15:10:06.025Z"}
{"level":"info","message":"Customer dashboard loaded for deaver","timestamp":"2025-03-15T15:10:06.147Z"}
{"level":"info","message":"Customer dashboard loaded for deaver","timestamp":"2025-03-15T15:10:06.362Z"}
{"level":"info","message":"Customer dashboard loaded for deaver","timestamp":"2025-03-15T15:10:08.897Z"}
{"level":"info","message":"Server started on port 5000","timestamp":"2025-03-15T15:10:42.962Z"}
{"level":"info","message":"MongoDB connected successfully","timestamp":"2025-03-15T15:10:42.978Z"}
{"level":"info","message":"Customer dashboard loaded for deaver","timestamp":"2025-03-15T15:10:46.531Z"}
{"level":"info","message":"Customer dashboard loaded for deaver","timestamp":"2025-03-15T15:10:46.684Z"}
{"level":"info","message":"Customer dashboard loaded for deaver","timestamp":"2025-03-15T15:10:46.842Z"}
{"level":"info","message":"Customer dashboard loaded for deaver","timestamp":"2025-03-15T15:10:46.978Z"}
{"level":"info","message":"Customer dashboard loaded for deaver","timestamp":"2025-03-15T15:10:49.696Z"}
{"level":"info","message":"Server started on port 5000","timestamp":"2025-03-15T15:11:57.186Z"}
{"level":"info","message":"MongoDB connected successfully","timestamp":"2025-03-15T15:11:57.200Z"}
{"level":"info","message":"Customer dashboard loaded for deaver","timestamp":"2025-03-15T15:11:58.645Z"}
{"level":"info","message":"Customer dashboard loaded for deaver","timestamp":"2025-03-15T15:11:58.786Z"}
{"level":"info","message":"Customer dashboard loaded for deaver","timestamp":"2025-03-15T15:11:58.938Z"}
{"level":"info","message":"Customer dashboard loaded for deaver","timestamp":"2025-03-15T15:11:59.067Z"}
{"level":"info","message":"Customer dashboard loaded for deaver","timestamp":"2025-03-15T15:12:01.489Z"}
{"level":"info","message":"Server started on port 5000","timestamp":"2025-03-15T15:13:06.401Z"}
{"level":"info","message":"MongoDB connected successfully","timestamp":"2025-03-15T15:13:06.416Z"}
{"level":"info","message":"Server started on port 5000","timestamp":"2025-03-15T15:16:14.294Z"}
{"level":"info","message":"MongoDB connected successfully","timestamp":"2025-03-15T15:16:14.310Z"}
{"level":"info","message":"Customer dashboard loaded for deaver","timestamp":"2025-03-15T15:16:19.997Z"}
{"level":"info","message":"Customer dashboard loaded for deaver","timestamp":"2025-03-15T15:16:20.203Z"}
{"level":"info","message":"Customer dashboard loaded for deaver","timestamp":"2025-03-15T15:16:20.346Z"}
{"level":"info","message":"Customer dashboard loaded for deaver","timestamp":"2025-03-15T15:16:22.629Z"}
{"level":"info","message":"Customer dashboard loaded for deaver","timestamp":"2025-03-15T15:16:22.988Z"}
{"level":"info","message":"Customer dashboard loaded for deaver","timestamp":"2025-03-15T15:16:23.132Z"}
{"level":"info","message":"Customer dashboard loaded for deaver","timestamp":"2025-03-15T15:16:23.283Z"}
{"level":"info","message":"Customer dashboard loaded for deaver","timestamp":"2025-03-15T15:16:23.427Z"}
{"level":"info","message":"Customer dashboard loaded for deaver","timestamp":"2025-03-15T15:16:23.724Z"}
{"level":"info","message":"Customer dashboard loaded for deaver","timestamp":"2025-03-15T15:16:23.867Z"}
{"level":"info","message":"Server started on port 5000","timestamp":"2025-03-15T15:17:52.295Z"}
{"level":"info","message":"MongoDB connected successfully","timestamp":"2025-03-15T15:17:52.312Z"}
{"level":"info","message":"Customer dashboard loaded for deaver","timestamp":"2025-03-15T15:17:55.867Z"}
{"level":"info","message":"Server started on port 5000","timestamp":"2025-03-15T15:19:38.384Z"}
{"level":"info","message":"MongoDB connected successfully","timestamp":"2025-03-15T15:19:38.399Z"}
{"level":"info","message":"Server started on port 5000","timestamp":"2025-03-15T15:25:13.808Z"}
{"level":"info","message":"MongoDB connected successfully","timestamp":"2025-03-15T15:25:13.822Z"}
{"level":"info","message":"Server started on port 5000","timestamp":"2025-03-15T15:25:55.496Z"}
{"level":"info","message":"MongoDB connected successfully","timestamp":"2025-03-15T15:25:55.515Z"}
{"level":"info","message":"Customer dashboard loaded for deaver","timestamp":"2025-03-15T15:26:16.617Z"}
{"level":"info","message":"Server started on port 5000","timestamp":"2025-03-15T15:27:04.499Z"}
{"level":"info","message":"MongoDB connected successfully","timestamp":"2025-03-15T15:27:04.514Z"}
{"level":"info","message":"Customer dashboard loaded for deaver","timestamp":"2025-03-15T15:27:09.377Z"}
{"level":"info","message":"Customer dashboard loaded for deaver","timestamp":"2025-03-15T15:27:09.532Z"}
{"level":"info","message":"Customer dashboard loaded for deaver","timestamp":"2025-03-15T15:27:09.666Z"}
{"level":"info","message":"Customer dashboard loaded for deaver","timestamp":"2025-03-15T15:27:26.687Z"}
{"level":"info","message":"Server started on port 5000","timestamp":"2025-03-15T15:31:41.398Z"}
{"level":"info","message":"MongoDB connected successfully","timestamp":"2025-03-15T15:31:41.410Z"}
{"level":"info","message":"Customer dashboard loaded for deaver","timestamp":"2025-03-15T15:31:46.387Z"}
{"level":"info","message":"Customer dashboard loaded for deaver","timestamp":"2025-03-15T15:31:46.539Z"}
{"level":"info","message":"Customer dashboard loaded for deaver","timestamp":"2025-03-15T15:31:46.690Z"}
{"level":"info","message":"Server started on port 5000","timestamp":"2025-03-15T15:33:57.887Z"}
{"level":"info","message":"MongoDB connected successfully","timestamp":"2025-03-15T15:33:57.902Z"}
{"level":"info","message":"Customer dashboard loaded for deaver","timestamp":"2025-03-15T15:34:00.451Z"}
{"level":"info","message":"Customer dashboard loaded for deaver","timestamp":"2025-03-15T15:34:00.571Z"}
{"level":"info","message":"Customer dashboard loaded for deaver","timestamp":"2025-03-15T15:34:00.732Z"}
{"level":"info","message":"Customer dashboard loaded for deaver","timestamp":"2025-03-15T15:34:00.861Z"}
{"level":"info","message":"Server started on port 5000","timestamp":"2025-03-15T15:42:43.466Z"}
{"level":"info","message":"MongoDB connected successfully","timestamp":"2025-03-15T15:42:43.479Z"}
{"level":"info","message":"Customer dashboard loaded for deaver","timestamp":"2025-03-15T15:43:13.344Z"}
{"level":"info","message":"GET /path/to/bootstrap.css","timestamp":"2025-03-15T15:43:13.435Z"}
{"level":"info","message":"GET /path/to/jquery.js","timestamp":"2025-03-15T15:43:13.439Z"}
{"level":"info","message":"GET /path/to/popper.js","timestamp":"2025-03-15T15:43:13.442Z"}
{"level":"info","message":"GET /path/to/bootstrap.js","timestamp":"2025-03-15T15:43:13.445Z"}
{"level":"info","message":"GET /path/to/bootstrap.css","timestamp":"2025-03-15T15:43:26.236Z"}
{"level":"info","message":"Server started on port 5000","timestamp":"2025-03-15T15:43:50.372Z"}
{"level":"info","message":"MongoDB connected successfully","timestamp":"2025-03-15T15:43:50.387Z"}
{"level":"info","message":"Customer dashboard loaded for deaver","timestamp":"2025-03-15T15:43:54.586Z"}
{"level":"info","message":"GET /path/to/bootstrap.css","timestamp":"2025-03-15T15:43:54.693Z"}
{"level":"info","message":"GET /path/to/jquery.js","timestamp":"2025-03-15T15:43:54.698Z"}
{"level":"info","message":"GET /path/to/popper.js","timestamp":"2025-03-15T15:43:54.701Z"}
{"level":"info","message":"GET /path/to/bootstrap.js","timestamp":"2025-03-15T15:43:54.704Z"}
{"level":"info","message":"Customer dashboard loaded for deaver","timestamp":"2025-03-15T15:43:54.746Z"}
{"level":"info","message":"GET /path/to/bootstrap.css","timestamp":"2025-03-15T15:43:54.808Z"}
{"level":"info","message":"GET /path/to/jquery.js","timestamp":"2025-03-15T15:43:54.812Z"}
{"level":"info","message":"GET /path/to/popper.js","timestamp":"2025-03-15T15:43:54.815Z"}
{"level":"info","message":"GET /path/to/bootstrap.js","timestamp":"2025-03-15T15:43:54.818Z"}
{"level":"info","message":"Customer dashboard loaded for deaver","timestamp":"2025-03-15T15:43:54.899Z"}
{"level":"info","message":"GET /path/to/bootstrap.css","timestamp":"2025-03-15T15:43:54.954Z"}
{"level":"info","message":"GET /path/to/jquery.js","timestamp":"2025-03-15T15:43:54.960Z"}
{"level":"info","message":"GET /path/to/popper.js","timestamp":"2025-03-15T15:43:54.963Z"}
{"level":"info","message":"GET /path/to/bootstrap.js","timestamp":"2025-03-15T15:43:54.967Z"}
{"level":"info","message":"Customer dashboard loaded for deaver","timestamp":"2025-03-15T15:43:59.876Z"}
{"level":"info","message":"GET /path/to/bootstrap.css","timestamp":"2025-03-15T15:43:59.936Z"}
{"level":"info","message":"GET /path/to/jquery.js","timestamp":"2025-03-15T15:43:59.942Z"}
{"level":"info","message":"GET /path/to/popper.js","timestamp":"2025-03-15T15:43:59.945Z"}
{"level":"info","message":"GET /path/to/bootstrap.js","timestamp":"2025-03-15T15:43:59.948Z"}
{"level":"info","message":"Customer dashboard loaded for deaver","timestamp":"2025-03-15T15:44:11.520Z"}
{"level":"info","message":"GET /path/to/bootstrap.css","timestamp":"2025-03-15T15:44:11.611Z"}
{"level":"info","message":"GET /path/to/jquery.js","timestamp":"2025-03-15T15:44:11.614Z"}
{"level":"info","message":"GET /path/to/popper.js","timestamp":"2025-03-15T15:44:11.617Z"}
{"level":"info","message":"GET /path/to/bootstrap.js","timestamp":"2025-03-15T15:44:11.620Z"}
{"level":"info","message":"GET /path/to/bootstrap.css","timestamp":"2025-03-15T15:44:19.260Z"}
{"level":"info","message":"GET /path/to/jquery.js","timestamp":"2025-03-15T15:44:19.263Z"}
{"level":"info","message":"GET /path/to/popper.js","timestamp":"2025-03-15T15:44:19.265Z"}
{"level":"info","message":"GET /path/to/bootstrap.js","timestamp":"2025-03-15T15:44:19.267Z"}
{"level":"info","message":"GET /path/to/bootstrap.css","timestamp":"2025-03-15T15:44:23.915Z"}
{"level":"info","message":"GET /path/to/jquery.js","timestamp":"2025-03-15T15:44:23.918Z"}
{"level":"info","message":"GET /path/to/popper.js","timestamp":"2025-03-15T15:44:23.920Z"}
{"level":"info","message":"GET /path/to/bootstrap.js","timestamp":"2025-03-15T15:44:23.922Z"}
{"level":"info","message":"GET /path/to/bootstrap.css","timestamp":"2025-03-15T15:45:40.932Z"}
{"level":"info","message":"Customer dashboard loaded for deaver","timestamp":"2025-03-15T15:45:44.349Z"}
{"level":"info","message":"GET /path/to/bootstrap.css","timestamp":"2025-03-15T15:45:44.430Z"}
{"level":"info","message":"GET /path/to/jquery.js","timestamp":"2025-03-15T15:45:44.435Z"}
{"level":"info","message":"GET /path/to/popper.js","timestamp":"2025-03-15T15:45:44.438Z"}
{"level":"info","message":"GET /path/to/bootstrap.js","timestamp":"2025-03-15T15:45:44.441Z"}
{"level":"info","message":"Customer dashboard loaded for deaver","timestamp":"2025-03-15T15:45:44.528Z"}
{"level":"info","message":"GET /path/to/bootstrap.css","timestamp":"2025-03-15T15:45:44.592Z"}
{"level":"info","message":"GET /path/to/jquery.js","timestamp":"2025-03-15T15:45:44.597Z"}
{"level":"info","message":"GET /path/to/popper.js","timestamp":"2025-03-15T15:45:44.600Z"}
{"level":"info","message":"GET /path/to/bootstrap.js","timestamp":"2025-03-15T15:45:44.604Z"}
{"level":"info","message":"Customer dashboard loaded for deaver","timestamp":"2025-03-15T15:45:44.657Z"}
{"level":"info","message":"GET /path/to/bootstrap.css","timestamp":"2025-03-15T15:45:44.713Z"}
{"level":"info","message":"GET /path/to/jquery.js","timestamp":"2025-03-15T15:45:44.720Z"}
{"level":"info","message":"GET /path/to/popper.js","timestamp":"2025-03-15T15:45:44.722Z"}
{"level":"info","message":"GET /path/to/bootstrap.js","timestamp":"2025-03-15T15:45:44.726Z"}
{"level":"info","message":"Customer dashboard loaded for deaver","timestamp":"2025-03-15T15:45:44.817Z"}
{"level":"info","message":"GET /path/to/bootstrap.css","timestamp":"2025-03-15T15:45:44.873Z"}
{"level":"info","message":"GET /path/to/jquery.js","timestamp":"2025-03-15T15:45:44.880Z"}
{"level":"info","message":"GET /path/to/popper.js","timestamp":"2025-03-15T15:45:44.883Z"}
{"level":"info","message":"GET /path/to/bootstrap.js","timestamp":"2025-03-15T15:45:44.887Z"}
{"level":"info","message":"Server started on port 5000","timestamp":"2025-03-15T15:56:10.771Z"}
{"level":"info","message":"MongoDB connected successfully","timestamp":"2025-03-15T15:56:10.787Z"}
{"level":"info","message":"Customer dashboard loaded for deaver","timestamp":"2025-03-15T15:56:22.177Z"}
{"level":"info","message":"GET /path/to/bootstrap.css","timestamp":"2025-03-15T15:56:22.288Z"}
{"level":"info","message":"GET /path/to/jquery.js","timestamp":"2025-03-15T15:56:22.291Z"}
{"level":"info","message":"GET /path/to/popper.js","timestamp":"2025-03-15T15:56:22.294Z"}
{"level":"info","message":"GET /path/to/bootstrap.js","timestamp":"2025-03-15T15:56:22.297Z"}
{"level":"info","message":"GET /path/to/bootstrap.css","timestamp":"2025-03-15T15:56:33.534Z"}
{"level":"info","message":"Server started on port 5000","timestamp":"2025-03-15T15:59:42.783Z"}
{"level":"info","message":"MongoDB connected successfully","timestamp":"2025-03-15T15:59:42.799Z"}
{"level":"info","message":"Customer dashboard loaded for deaver","timestamp":"2025-03-15T15:59:44.838Z"}
{"level":"info","message":"GET /path/to/jquery.js","timestamp":"2025-03-15T15:59:44.928Z"}
{"level":"info","message":"GET /path/to/popper.js","timestamp":"2025-03-15T15:59:44.932Z"}
{"level":"info","message":"GET /path/to/bootstrap.js","timestamp":"2025-03-15T15:59:44.935Z"}
{"level":"info","message":"Customer dashboard loaded for deaver","timestamp":"2025-03-15T15:59:44.978Z"}
{"level":"info","message":"GET /path/to/jquery.js","timestamp":"2025-03-15T15:59:45.049Z"}
{"level":"info","message":"GET /path/to/popper.js","timestamp":"2025-03-15T15:59:45.052Z"}
{"level":"info","message":"GET /path/to/bootstrap.js","timestamp":"2025-03-15T15:59:45.056Z"}
{"level":"info","message":"Customer dashboard loaded for deaver","timestamp":"2025-03-15T15:59:45.132Z"}
{"level":"info","message":"GET /path/to/jquery.js","timestamp":"2025-03-15T15:59:45.189Z"}
{"level":"info","message":"GET /path/to/popper.js","timestamp":"2025-03-15T15:59:45.192Z"}
{"level":"info","message":"GET /path/to/bootstrap.js","timestamp":"2025-03-15T15:59:45.195Z"}
{"level":"info","message":"Cleared 0 unapproved reservations.","timestamp":"2025-03-15T16:00:00.943Z"}
{"level":"info","message":"Server started on port 5000","timestamp":"2025-03-15T16:01:43.496Z"}
{"level":"info","message":"MongoDB connected successfully","timestamp":"2025-03-15T16:01:43.511Z"}
{"level":"info","message":"Customer dashboard loaded for deaver","timestamp":"2025-03-15T16:01:45.923Z"}
{"level":"info","message":"Customer dashboard loaded for deaver","timestamp":"2025-03-15T16:01:46.074Z"}
{"level":"info","message":"Customer dashboard loaded for deaver","timestamp":"2025-03-15T16:01:46.217Z"}
{"level":"info","message":"Customer dashboard loaded for deaver","timestamp":"2025-03-15T16:01:46.367Z"}
{"level":"info","message":"Customer dashboard loaded for deaver","timestamp":"2025-03-15T16:01:46.515Z"}
{"level":"info","message":"Customer dashboard loaded for deaver","timestamp":"2025-03-15T16:01:46.649Z"}
{"level":"info","message":"Customer dashboard loaded for deaver","timestamp":"2025-03-15T16:01:46.808Z"}
{"level":"info","message":"Customer dashboard loaded for deaver","timestamp":"2025-03-15T16:01:46.953Z"}
{"level":"info","message":"Customer dashboard loaded for deaver","timestamp":"2025-03-15T16:01:47.105Z"}
{"level":"info","message":"Server started on port 5000","timestamp":"2025-03-15T16:04:28.441Z"}
{"level":"info","message":"MongoDB connected successfully","timestamp":"2025-03-15T16:04:28.455Z"}
{"level":"info","message":"Customer dashboard loaded for deaver","timestamp":"2025-03-15T16:04:30.604Z"}
{"level":"info","message":"Customer dashboard loaded for deaver","timestamp":"2025-03-15T16:04:30.745Z"}
{"level":"info","message":"Customer dashboard loaded for deaver","timestamp":"2025-03-15T16:04:30.900Z"}
{"level":"info","message":"Customer dashboard loaded for deaver","timestamp":"2025-03-15T16:04:30.993Z"}
{"level":"info","message":"Customer dashboard loaded for deaver","timestamp":"2025-03-15T16:04:35.291Z"}
{"level":"info","message":"Customer dashboard loaded for deaver","timestamp":"2025-03-15T16:04:35.456Z"}
{"level":"info","message":"Customer dashboard loaded for deaver","timestamp":"2025-03-15T16:04:35.593Z"}
{"level":"info","message":"Customer dashboard loaded for deaver","timestamp":"2025-03-15T16:04:35.744Z"}
{"level":"info","message":"Customer dashboard loaded for deaver","timestamp":"2025-03-15T16:04:35.874Z"}
{"level":"info","message":"Customer dashboard loaded for deaver","timestamp":"2025-03-15T16:04:43.872Z"}
{"level":"info","message":"Customer dashboard loaded for deaver","timestamp":"2025-03-15T16:09:59.241Z"}
{"level":"info","message":"Customer dashboard loaded for deaver","timestamp":"2025-03-15T16:09:59.408Z"}
{"level":"info","message":"Customer dashboard loaded for deaver","timestamp":"2025-03-15T16:09:59.537Z"}
{"level":"info","message":"Server started on port 5000","timestamp":"2025-03-15T16:32:20.745Z"}
{"level":"info","message":"MongoDB connected successfully","timestamp":"2025-03-15T16:32:20.760Z"}
{"level":"info","message":"Customer dashboard loaded for deaver","timestamp":"2025-03-15T16:32:30.518Z"}
{"level":"info","message":"Server started on port 5000","timestamp":"2025-03-15T16:34:09.665Z"}
{"level":"info","message":"MongoDB connected successfully","timestamp":"2025-03-15T16:34:09.679Z"}
{"level":"info","message":"Customer dashboard loaded for deaver","timestamp":"2025-03-15T16:34:17.858Z"}
{"level":"info","message":"Customer dashboard loaded for deaver","timestamp":"2025-03-15T16:34:23.961Z"}
{"level":"info","message":"Customer dashboard loaded for deaver","timestamp":"2025-03-15T16:34:24.096Z"}
{"level":"info","message":"Server started on port 5000","timestamp":"2025-03-15T16:35:47.664Z"}
{"level":"info","message":"MongoDB connected successfully","timestamp":"2025-03-15T16:35:47.682Z"}
{"level":"info","message":"Customer dashboard loaded for deaver","timestamp":"2025-03-15T16:35:49.475Z"}
{"level":"info","message":"Customer dashboard loaded for deaver","timestamp":"2025-03-15T16:35:49.619Z"}
{"level":"info","message":"Customer dashboard loaded for deaver","timestamp":"2025-03-15T16:35:49.753Z"}
{"level":"info","message":"Customer dashboard loaded for deaver","timestamp":"2025-03-15T16:35:49.896Z"}
{"level":"info","message":"Customer dashboard loaded for deaver","timestamp":"2025-03-15T16:35:50.040Z"}
